d:\projects\school\scripting and programming applications\finale\student roster\student roster\debug\vc141.pdb
d:\projects\school\scripting and programming applications\finale\student roster\student roster\debug\vc141.idb
d:\projects\school\scripting and programming applications\finale\student roster\student roster\debug\student.obj
d:\projects\school\scripting and programming applications\finale\student roster\student roster\debug\roster.obj
d:\projects\school\scripting and programming applications\finale\student roster\student roster\debug\softwarestudent.obj
d:\projects\school\scripting and programming applications\finale\student roster\student roster\debug\networkstudent.obj
d:\projects\school\scripting and programming applications\finale\student roster\student roster\debug\student roster.pch
d:\projects\school\scripting and programming applications\finale\student roster\student roster\debug\pch.obj
d:\projects\school\scripting and programming applications\finale\student roster\student roster\debug\securitystudent.obj
d:\projects\school\scripting and programming applications\finale\student roster\debug\student roster.pdb
d:\projects\school\scripting and programming applications\finale\student roster\student roster\debug\student roster.tlog\cl.command.1.tlog
d:\projects\school\scripting and programming applications\finale\student roster\student roster\debug\student roster.tlog\cl.read.1.tlog
d:\projects\school\scripting and programming applications\finale\student roster\student roster\debug\student roster.tlog\cl.write.1.tlog
d:\projects\school\scripting and programming applications\finale\student roster\student roster\debug\student roster.tlog\link-cvtres.read.1.tlog
d:\projects\school\scripting and programming applications\finale\student roster\student roster\debug\student roster.tlog\link-cvtres.write.1.tlog
d:\projects\school\scripting and programming applications\finale\student roster\student roster\debug\student roster.tlog\link-rc.read.1.tlog
d:\projects\school\scripting and programming applications\finale\student roster\student roster\debug\student roster.tlog\link-rc.write.1.tlog
d:\projects\school\scripting and programming applications\finale\student roster\student roster\debug\student roster.tlog\link.17416-cvtres.read.1.tlog
d:\projects\school\scripting and programming applications\finale\student roster\student roster\debug\student roster.tlog\link.17416-cvtres.write.1.tlog
d:\projects\school\scripting and programming applications\finale\student roster\student roster\debug\student roster.tlog\link.17416-rc.read.1.tlog
d:\projects\school\scripting and programming applications\finale\student roster\student roster\debug\student roster.tlog\link.17416-rc.write.1.tlog
d:\projects\school\scripting and programming applications\finale\student roster\student roster\debug\student roster.tlog\link.17416.read.1.tlog
d:\projects\school\scripting and programming applications\finale\student roster\student roster\debug\student roster.tlog\link.17416.write.1.tlog
d:\projects\school\scripting and programming applications\finale\student roster\student roster\debug\student roster.tlog\link.command.1.tlog
d:\projects\school\scripting and programming applications\finale\student roster\student roster\debug\student roster.tlog\link.read.1.tlog
d:\projects\school\scripting and programming applications\finale\student roster\student roster\debug\student roster.tlog\link.write.1.tlog
